<?xml version="1.0" encoding="utf-8" standalone="no"?>
<!--This file represents the results of running a test suite-->
<test-results name="C:\Users\Joris\Documents\Visual Studio 2015\Projects\Cake\Calculatrice.Tests\bin\Release\Calculatrice.Tests.dll" total="1" errors="0" failures="0" not-run="0" inconclusive="0" ignored="0" skipped="0" invalid="0" date="2016-03-23" time="10:46:45">
  <environment nunit-version="2.6.4.14350" clr-version="2.0.50727.8670" os-version="Microsoft Windows NT 6.2.9200.0" platform="Win32NT" cwd="C:\Users\Joris\Documents\Visual Studio 2015\Projects\Cake" machine-name="JORIS-PC" user="Joris" user-domain="JORIS-PC" />
  <culture-info current-culture="fr-FR" current-uiculture="fr-FR" />
  <test-suite type="Assembly" name="C:\Users\Joris\Documents\Visual Studio 2015\Projects\Cake\Calculatrice.Tests\bin\Release\Calculatrice.Tests.dll" executed="True" result="Success" success="True" time="0.147" asserts="0">
    <results>
      <test-suite type="Namespace" name="Calculatrice" executed="True" result="Success" success="True" time="0.135" asserts="0">
        <results>
          <test-suite type="Namespace" name="Tests" executed="True" result="Success" success="True" time="0.135" asserts="0">
            <results>
              <test-suite type="TestFixture" name="CalculatriceTests" executed="True" result="Success" success="True" time="0.133" asserts="0">
                <results>
                  <test-case name="Calculatrice.Tests.CalculatriceTests.AdditionTest" executed="True" result="Success" success="True" time="0.121" asserts="1" />
                </results>
              </test-suite>
            </results>
          </test-suite>
        </results>
      </test-suite>
    </results>
  </test-suite>
</test-results>