<?xml version="1.0" encoding="utf-8" standalone="no"?>
<!--This file represents the results of running a test suite-->
<test-results name="C:\Users\Joris\Documents\Visual Studio 2015\Projects\Cake\CalculatriceTests\bin\Debug\CalculatriceTests.dll" total="1" errors="0" failures="0" not-run="0" inconclusive="0" ignored="0" skipped="0" invalid="0" date="2016-03-21" time="15:16:38">
  <environment nunit-version="2.6.4.14350" clr-version="2.0.50727.8670" os-version="Microsoft Windows NT 6.2.9200.0" platform="Win32NT" cwd="c:\users\joris\documents\visual studio 2015\Projects\Cake\CalculatriceTests\bin\Debug" machine-name="JORIS-PC" user="Joris" user-domain="JORIS-PC" />
  <culture-info current-culture="fr-FR" current-uiculture="fr-FR" />
  <test-suite type="Assembly" name="C:\Users\Joris\Documents\Visual Studio 2015\Projects\Cake\CalculatriceTests\bin\Debug\CalculatriceTests.dll" executed="True" result="Success" success="True" time="0.189" asserts="0">
    <results>
      <test-suite type="Namespace" name="Calculatrice" executed="True" result="Success" success="True" time="0.178" asserts="0">
        <results>
          <test-suite type="Namespace" name="Tests" executed="True" result="Success" success="True" time="0.175" asserts="0">
            <results>
              <test-suite type="TestFixture" name="CalculatriceTest" executed="True" result="Success" success="True" time="0.174" asserts="0">
                <results>
                  <test-case name="Calculatrice.Tests.CalculatriceTest.AdditionTest" executed="True" result="Success" success="True" time="0.160" asserts="1" />
                </results>
              </test-suite>
            </results>
          </test-suite>
        </results>
      </test-suite>
    </results>
  </test-suite>
</test-results>